[2015-12-22 10:56:38.002] [INFO] console - Listening on port 80
[2015-12-22 10:56:50.474] [INFO] console - { sourceID: 1,
  sourceName: '电影票友',
  logoURL: 'http://p2.pstatp.com/large/3245/1852234910',
  summary: '只是因为喜欢电影 在电影的时光读懂自己',
  backImageURL: '',
  subscribeCount: 27371,
  AllReadCount: 54881556 }
[2015-12-22 10:57:05.157] [INFO] console - { sourceID: 1,
  sourceName: '电影票友',
  logoURL: 'http://p2.pstatp.com/large/3245/1852234910',
  summary: '只是因为喜欢电影 在电影的时光读懂自己',
  backImageURL: '',
  subscribeCount: 27371,
  AllReadCount: 74627063 }
[2015-12-22 10:57:19.360] [INFO] console - { sourceID: 1,
  sourceName: '电影票友',
  logoURL: 'http://p2.pstatp.com/large/3245/1852234910',
  summary: '只是因为喜欢电影 在电影的时光读懂自己',
  backImageURL: '',
  subscribeCount: 27371,
  AllReadCount: 75233431 }
[2015-12-22 10:58:40.362] [INFO] console - { sourceID: 16,
  sourceName: ' Mtime时光网',
  logoURL: 'http://p1.pstatp.com/large/8692/5215991404',
  summary: '为爱电影的人提供一站式电影全体验：百万影视数据库、全球新电影资讯、全国影讯选座购票、影迷互动社区',
  backImageURL: 'http://image.moviefan.com.cn/NewsSourceURL/2015-12-21/635863166059239188.jpg',
  subscribeCount: 21631,
  AllReadCount: 98207243 }
[2015-12-22 11:01:13.139] [INFO] console - { sourceID: 16,
  sourceName: ' Mtime时光网',
  logoURL: 'http://p1.pstatp.com/large/8692/5215991404',
  summary: '为爱电影的人提供一站式电影全体验：百万影视数据库、全球新电影资讯、全国影讯选座购票、影迷互动社区',
  backImageURL: 'http://image.moviefan.com.cn/NewsSourceURL/2015-12-21/635863166059239188.jpg',
  subscribeCount: 21631,
  AllReadCount: 67780685 }
[2015-12-22 11:01:14.732] [INFO] console - { sourceID: 16,
  sourceName: ' Mtime时光网',
  logoURL: 'http://p1.pstatp.com/large/8692/5215991404',
  summary: '为爱电影的人提供一站式电影全体验：百万影视数据库、全球新电影资讯、全国影讯选座购票、影迷互动社区',
  backImageURL: 'http://image.moviefan.com.cn/NewsSourceURL/2015-12-21/635863166059239188.jpg',
  subscribeCount: 21631,
  AllReadCount: 30190434 }
[2015-12-22 11:01:30.632] [INFO] console - { sourceID: 16,
  sourceName: ' Mtime时光网',
  logoURL: 'http://p1.pstatp.com/large/8692/5215991404',
  summary: '为爱电影的人提供一站式电影全体验：百万影视数据库、全球新电影资讯、全国影讯选座购票、影迷互动社区',
  backImageURL: 'http://image.moviefan.com.cn/NewsSourceURL/2015-12-21/635863166059239188.jpg',
  subscribeCount: 21631,
  AllReadCount: 49942986 }
[2015-12-22 11:01:35.217] [INFO] console - Listening on port 80
[2015-12-22 11:01:36.750] [INFO] console - { sourceID: 16,
  sourceName: ' Mtime时光网',
  logoURL: 'http://p1.pstatp.com/large/8692/5215991404',
  summary: '为爱电影的人提供一站式电影全体验：百万影视数据库、全球新电影资讯、全国影讯选座购票、影迷互动社区',
  backImageURL: 'http://image.moviefan.com.cn/NewsSourceURL/2015-12-21/635863166059239188.jpg',
  subscribeCount: 21631,
  AllReadCount: 94604980 }
[2015-12-22 11:02:04.770] [INFO] console - { sourceID: 16,
  sourceName: ' Mtime时光网',
  logoURL: 'http://p1.pstatp.com/large/8692/5215991404',
  summary: '为爱电影的人提供一站式电影全体验：百万影视数据库、全球新电影资讯、全国影讯选座购票、影迷互动社区',
  backImageURL: 'http://image.moviefan.com.cn/NewsSourceURL/2015-12-21/635863166059239188.jpg',
  subscribeCount: 21631,
  AllReadCount: 13963364 }
[2015-12-22 11:02:07.236] [INFO] console - { sourceID: 16,
  sourceName: ' Mtime时光网',
  logoURL: 'http://p1.pstatp.com/large/8692/5215991404',
  summary: '为爱电影的人提供一站式电影全体验：百万影视数据库、全球新电影资讯、全国影讯选座购票、影迷互动社区',
  backImageURL: 'http://image.moviefan.com.cn/NewsSourceURL/2015-12-21/635863166059239188.jpg',
  subscribeCount: 21631,
  AllReadCount: 92092429 }
[2015-12-22 11:02:18.235] [INFO] console - { sourceID: 17,
  sourceName: '十点电影',
  logoURL: 'http://p3.pstatp.com/large/2751/343464127',
  summary: '深夜十点，你我相约观影。每晚分享最新最经典影视，分享影评影讯。',
  backImageURL: '',
  subscribeCount: 19969,
  AllReadCount: 43717161 }
[2015-12-22 11:02:36.877] [INFO] console - { sourceID: 56,
  sourceName: '影评册',
  logoURL: 'http://p2.pstatp.com/large/9061/5251405937',
  summary: '',
  backImageURL: '',
  subscribeCount: -1,
  AllReadCount: 28727307 }
[2015-12-22 11:02:54.548] [INFO] console - { sourceID: 56,
  sourceName: '影评册',
  logoURL: 'http://p2.pstatp.com/large/9061/5251405937',
  summary: '',
  backImageURL: '',
  subscribeCount: -1,
  AllReadCount: 90874271 }
[2015-12-22 11:03:34.406] [INFO] console - { sourceID: 56,
  sourceName: '影评册',
  logoURL: 'http://p2.pstatp.com/large/9061/5251405937',
  summary: '',
  backImageURL: '',
  subscribeCount: -1,
  AllReadCount: 79446394 }
[2015-12-22 11:03:40.680] [INFO] console - Listening on port 80
[2015-12-22 11:03:41.724] [INFO] console - { sourceID: 56,
  sourceName: '影评册',
  logoURL: 'http://p2.pstatp.com/large/9061/5251405937',
  summary: '',
  backImageURL: '',
  subscribeCount: -1,
  AllReadCount: 19389608 }
[2015-12-22 11:05:03.994] [INFO] console - Listening on port 80
[2015-12-22 11:05:07.270] [ERROR] console - TypeError: Cannot read property 'hasOwnProperty' of undefined
    at appendFormValue (/Users/mapollo06/Documents/movikr-work/html5/node_modules/request/request.js:510:16)
    at Request.init (/Users/mapollo06/Documents/movikr-work/html5/node_modules/request/request.js:524:11)
    at new Request (/Users/mapollo06/Documents/movikr-work/html5/node_modules/request/request.js:272:8)
    at request (/Users/mapollo06/Documents/movikr-work/html5/node_modules/request/index.js:56:10)
    at Function.request.(anonymous function) [as post] (/Users/mapollo06/Documents/movikr-work/html5/node_modules/request/index.js:66:12)
    at Object.getDataFromPhp (/Users/mapollo06/Documents/movikr-work/html5/libs/model.js:123:13)
    at /Users/mapollo06/Documents/movikr-work/html5/route/wecinema/pages/medialist.js:33:11
    at Layer.handle [as handle_request] (/Users/mapollo06/Documents/movikr-work/html5/node_modules/express/lib/router/layer.js:82:5)
    at next (/Users/mapollo06/Documents/movikr-work/html5/node_modules/express/lib/router/route.js:110:13)
    at Route.dispatch (/Users/mapollo06/Documents/movikr-work/html5/node_modules/express/lib/router/route.js:91:3)
[2015-12-22 11:05:08.345] [ERROR] console - TypeError: Cannot read property 'hasOwnProperty' of undefined
    at appendFormValue (/Users/mapollo06/Documents/movikr-work/html5/node_modules/request/request.js:510:16)
    at Request.init (/Users/mapollo06/Documents/movikr-work/html5/node_modules/request/request.js:524:11)
    at new Request (/Users/mapollo06/Documents/movikr-work/html5/node_modules/request/request.js:272:8)
    at request (/Users/mapollo06/Documents/movikr-work/html5/node_modules/request/index.js:56:10)
    at Function.request.(anonymous function) [as post] (/Users/mapollo06/Documents/movikr-work/html5/node_modules/request/index.js:66:12)
    at Object.getDataFromPhp (/Users/mapollo06/Documents/movikr-work/html5/libs/model.js:123:13)
    at /Users/mapollo06/Documents/movikr-work/html5/route/wecinema/pages/medialist.js:33:11
    at Layer.handle [as handle_request] (/Users/mapollo06/Documents/movikr-work/html5/node_modules/express/lib/router/layer.js:82:5)
    at next (/Users/mapollo06/Documents/movikr-work/html5/node_modules/express/lib/router/route.js:110:13)
    at Route.dispatch (/Users/mapollo06/Documents/movikr-work/html5/node_modules/express/lib/router/route.js:91:3)
[2015-12-22 11:05:22.386] [ERROR] console - TypeError: Cannot read property 'hasOwnProperty' of undefined
    at appendFormValue (/Users/mapollo06/Documents/movikr-work/html5/node_modules/request/request.js:510:16)
    at Request.init (/Users/mapollo06/Documents/movikr-work/html5/node_modules/request/request.js:524:11)
    at new Request (/Users/mapollo06/Documents/movikr-work/html5/node_modules/request/request.js:272:8)
    at request (/Users/mapollo06/Documents/movikr-work/html5/node_modules/request/index.js:56:10)
    at Function.request.(anonymous function) [as post] (/Users/mapollo06/Documents/movikr-work/html5/node_modules/request/index.js:66:12)
    at Object.getDataFromPhp (/Users/mapollo06/Documents/movikr-work/html5/libs/model.js:123:13)
    at /Users/mapollo06/Documents/movikr-work/html5/route/wecinema/pages/medialist.js:33:11
    at Layer.handle [as handle_request] (/Users/mapollo06/Documents/movikr-work/html5/node_modules/express/lib/router/layer.js:82:5)
    at next (/Users/mapollo06/Documents/movikr-work/html5/node_modules/express/lib/router/route.js:110:13)
    at Route.dispatch (/Users/mapollo06/Documents/movikr-work/html5/node_modules/express/lib/router/route.js:91:3)
[2015-12-22 11:05:25.583] [INFO] console - Listening on port 80
[2015-12-22 11:05:26.718] [INFO] console - { sourceID: 56,
  sourceName: '影评册',
  logoURL: 'http://p2.pstatp.com/large/9061/5251405937',
  summary: '',
  backImageURL: '',
  subscribeCount: -1,
  AllReadCount: 20901148 }
[2015-12-22 11:05:29.886] [INFO] console - { sourceID: 56,
  sourceName: '影评册',
  logoURL: 'http://p2.pstatp.com/large/9061/5251405937',
  summary: '',
  backImageURL: '',
  subscribeCount: -1,
  AllReadCount: 75861564 }
[2015-12-22 11:14:20.697] [INFO] console - { sourceID: 16,
  sourceName: ' Mtime时光网',
  logoURL: 'http://p1.pstatp.com/large/8692/5215991404',
  summary: '为爱电影的人提供一站式电影全体验：百万影视数据库、全球新电影资讯、全国影讯选座购票、影迷互动社区',
  backImageURL: 'http://image.moviefan.com.cn/NewsSourceURL/2015-12-21/635863166059239188.jpg',
  subscribeCount: 21631,
  AllReadCount: 39349546 }
[2015-12-22 11:15:10.069] [INFO] console - { sourceID: 16,
  sourceName: ' Mtime时光网',
  logoURL: 'http://p1.pstatp.com/large/8692/5215991404',
  summary: '为爱电影的人提供一站式电影全体验：百万影视数据库、全球新电影资讯、全国影讯选座购票、影迷互动社区',
  backImageURL: 'http://image.moviefan.com.cn/NewsSourceURL/2015-12-21/635863166059239188.jpg',
  subscribeCount: 21631,
  AllReadCount: 34406101 }
[2015-12-22 11:15:21.091] [INFO] console - Listening on port 80
[2015-12-22 11:15:23.649] [INFO] console - [ { movieNewID: 88455,
    title: '《风骚律师》第二季曝剧照',
    image1: '',
    image2: '',
    image3: '',
    isTop: false,
    readCount: 45,
    publishtime: '2015-12-22 09:28:00',
    weMediaName: ' Mtime时光网',
    content: '',
    sourceURL: 'http://toutiao.com/item/6230925530804257281/',
    summary: '时光网讯《风骚律师》作为经典剧集《绝命毒师》的衍生剧，没有辜负广大剧迷的期望，风骚索尔为大家带来一系列略带黑色的精彩故事。剧集第一季已经完结，第二季将于明年2月10日回归。今日，《风骚律师》第二季曝光新剧照，索尔风骚搭配三元素现身，律师之路风生水起。在新发布的剧照中，索尔花领带与衬衫西装的搭配相得益彰，在第二季中还换了新的咖啡杯，明黄色骚气，上面还写了自己的宣传语。',
    logoURL: 'http://p1.pstatp.com/large/8692/5215991404',
    sourceType: 16 },
  { movieNewID: 88456,
    title: '看2016年各大卫视共同趋势',
    image1: 'http://p2.pstatp.com/list/10870/1415855907',
    image2: '',
    image3: '',
    isTop: false,
    readCount: 9,
    publishtime: '2015-12-22 09:24:00',
    weMediaName: ' Mtime时光网',
    content: '',
    sourceURL: 'http://toutiao.com/item/6230918951522533890/',
    summary: '“年轻化”，绝不是卫视们的新话题。上世纪90年代后期，湖南卫视《快乐大本营》的崛起，标志着“年轻化”电视版图的开启。这股旋风瞬时蔓延，直到今天。那么问题来了。在2016新年开篇之际，为何要重提“年轻化”这个老命题？而当我们再次谈论卫视“年轻化”时，我们在谈论什么？',
    logoURL: 'http://p1.pstatp.com/large/8692/5215991404',
    sourceType: 16 },
  { movieNewID: 88457,
    title: '《综艺》年度十佳电影揭晓',
    image1: '',
    image2: '',
    image3: '',
    isTop: false,
    readCount: 25,
    publishtime: '2015-12-22 09:16:00',
    weMediaName: ' Mtime时光网',
    content: '',
    sourceURL: 'http://toutiao.com/item/6230917496182931970/',
    summary: '时光网讯遗憾丧失奥斯卡最佳外语片提名的华语电影《刺客聂隐娘》近日入围了美国Variety网站的年度十佳电影，这部侯孝贤执导的武侠电影在名单中仅次于《卡萝尔》位列第二。这一榜单由来自美国、巴黎、伦敦、罗马和香港的14名影评人评选得出，其中有9位来自美国本土，2名来自伦敦。评选方式是 14 位影评人分别列出自己心目中的十佳影片。',
    logoURL: 'http://p1.pstatp.com/large/8692/5215991404',
    sourceType: 16 } ]
[2015-12-22 11:16:16.167] [INFO] console - [ { movieNewID: 88455,
    title: '《风骚律师》第二季曝剧照',
    image1: '',
    image2: '',
    image3: '',
    isTop: false,
    readCount: 45,
    publishtime: '2015-12-22 09:28:00',
    weMediaName: ' Mtime时光网',
    content: '',
    sourceURL: 'http://toutiao.com/item/6230925530804257281/',
    summary: '时光网讯《风骚律师》作为经典剧集《绝命毒师》的衍生剧，没有辜负广大剧迷的期望，风骚索尔为大家带来一系列略带黑色的精彩故事。剧集第一季已经完结，第二季将于明年2月10日回归。今日，《风骚律师》第二季曝光新剧照，索尔风骚搭配三元素现身，律师之路风生水起。在新发布的剧照中，索尔花领带与衬衫西装的搭配相得益彰，在第二季中还换了新的咖啡杯，明黄色骚气，上面还写了自己的宣传语。',
    logoURL: 'http://p1.pstatp.com/large/8692/5215991404',
    sourceType: 16 },
  { movieNewID: 88456,
    title: '看2016年各大卫视共同趋势',
    image1: 'http://p2.pstatp.com/list/10870/1415855907',
    image2: '',
    image3: '',
    isTop: false,
    readCount: 9,
    publishtime: '2015-12-22 09:24:00',
    weMediaName: ' Mtime时光网',
    content: '',
    sourceURL: 'http://toutiao.com/item/6230918951522533890/',
    summary: '“年轻化”，绝不是卫视们的新话题。上世纪90年代后期，湖南卫视《快乐大本营》的崛起，标志着“年轻化”电视版图的开启。这股旋风瞬时蔓延，直到今天。那么问题来了。在2016新年开篇之际，为何要重提“年轻化”这个老命题？而当我们再次谈论卫视“年轻化”时，我们在谈论什么？',
    logoURL: 'http://p1.pstatp.com/large/8692/5215991404',
    sourceType: 16 },
  { movieNewID: 88457,
    title: '《综艺》年度十佳电影揭晓',
    image1: '',
    image2: '',
    image3: '',
    isTop: false,
    readCount: 25,
    publishtime: '2015-12-22 09:16:00',
    weMediaName: ' Mtime时光网',
    content: '',
    sourceURL: 'http://toutiao.com/item/6230917496182931970/',
    summary: '时光网讯遗憾丧失奥斯卡最佳外语片提名的华语电影《刺客聂隐娘》近日入围了美国Variety网站的年度十佳电影，这部侯孝贤执导的武侠电影在名单中仅次于《卡萝尔》位列第二。这一榜单由来自美国、巴黎、伦敦、罗马和香港的14名影评人评选得出，其中有9位来自美国本土，2名来自伦敦。评选方式是 14 位影评人分别列出自己心目中的十佳影片。',
    logoURL: 'http://p1.pstatp.com/large/8692/5215991404',
    sourceType: 16 } ]
[2015-12-22 11:16:23.863] [INFO] console - Listening on port 80
[2015-12-22 11:16:26.308] [INFO] console - [ { movieNewID: 88455,
    title: '《风骚律师》第二季曝剧照',
    image1: '',
    image2: '',
    image3: '',
    isTop: false,
    readCount: 44,
    publishtime: '2015-12-22 09:28:00',
    weMediaName: ' Mtime时光网',
    content: '',
    sourceURL: 'http://toutiao.com/item/6230925530804257281/',
    summary: '时光网讯《风骚律师》作为经典剧集《绝命毒师》的衍生剧，没有辜负广大剧迷的期望，风骚索尔为大家带来一系列略带黑色的精彩故事。剧集第一季已经完结，第二季将于明年2月10日回归。今日，《风骚律师》第二季曝光新剧照，索尔风骚搭配三元素现身，律师之路风生水起。在新发布的剧照中，索尔花领带与衬衫西装的搭配相得益彰，在第二季中还换了新的咖啡杯，明黄色骚气，上面还写了自己的宣传语。',
    logoURL: 'http://p1.pstatp.com/large/8692/5215991404',
    sourceType: 16 },
  { movieNewID: 88456,
    title: '看2016年各大卫视共同趋势',
    image1: 'http://p2.pstatp.com/list/10870/1415855907',
    image2: '',
    image3: '',
    isTop: false,
    readCount: 9,
    publishtime: '2015-12-22 09:24:00',
    weMediaName: ' Mtime时光网',
    content: '',
    sourceURL: 'http://toutiao.com/item/6230918951522533890/',
    summary: '“年轻化”，绝不是卫视们的新话题。上世纪90年代后期，湖南卫视《快乐大本营》的崛起，标志着“年轻化”电视版图的开启。这股旋风瞬时蔓延，直到今天。那么问题来了。在2016新年开篇之际，为何要重提“年轻化”这个老命题？而当我们再次谈论卫视“年轻化”时，我们在谈论什么？',
    logoURL: 'http://p1.pstatp.com/large/8692/5215991404',
    sourceType: 16 },
  { movieNewID: 88457,
    title: '《综艺》年度十佳电影揭晓',
    image1: '',
    image2: '',
    image3: '',
    isTop: false,
    readCount: 25,
    publishtime: '2015-12-22 09:16:00',
    weMediaName: ' Mtime时光网',
    content: '',
    sourceURL: 'http://toutiao.com/item/6230917496182931970/',
    summary: '时光网讯遗憾丧失奥斯卡最佳外语片提名的华语电影《刺客聂隐娘》近日入围了美国Variety网站的年度十佳电影，这部侯孝贤执导的武侠电影在名单中仅次于《卡萝尔》位列第二。这一榜单由来自美国、巴黎、伦敦、罗马和香港的14名影评人评选得出，其中有9位来自美国本土，2名来自伦敦。评选方式是 14 位影评人分别列出自己心目中的十佳影片。',
    logoURL: 'http://p1.pstatp.com/large/8692/5215991404',
    sourceType: 16 },
  { movieNewID: 88452,
    title: '"星战7"刷新全球首周末票房纪录',
    image1: '',
    image2: '',
    image3: '',
    isTop: false,
    readCount: 49,
    publishtime: '2015-12-22 08:07:00',
    weMediaName: ' Mtime时光网',
    content: '',
    sourceURL: 'http://toutiao.com/item/6230898216640971265/',
    summary: '时光网讯《星球大战：原力觉醒》自12月18日在北美正式开画以来，就一骑绝尘，连续刷新北美首周末票房、单日票房、午夜场票房等票房纪录。但是其中有一项纪录似乎未能被《星球大战7》打破，那就是由今年6月上映的《侏罗纪世界》保持的全球首周末票房。《星球大战7》的全球首周末票房粗算为5.17亿美元，落后于《侏罗纪世界》的5.24亿美元。',
    logoURL: 'http://p1.pstatp.com/large/8692/5215991404',
    sourceType: 16 },
  { movieNewID: 88423,
    title: '"三打白骨精"曝光新剧照',
    image1: '',
    image2: '',
    image3: '',
    isTop: false,
    readCount: 2146,
    publishtime: '2015-12-21 20:33:00',
    weMediaName: ' Mtime时光网',
    content: '',
    sourceURL: 'http://toutiao.com/item/6230724709093212674/',
    summary: '时光网讯由郑保瑞执导，郭富城、巩俐、冯绍峰、小沈阳、罗仲谦、费翔、陈慧琳等联袂主演的3D奇幻喜剧《西游记之孙悟空三打白骨精》将于2016年2月8日猴年初一全国公映。今日，影片发布多张新剧照。在《西游记》原著故事中，白骨精是师徒组合后面对的第一个真正的对手，孙悟空与唐僧的关系也因此再度陷入信任危机。',
    logoURL: 'http://p1.pstatp.com/large/8692/5215991404',
    sourceType: 16 },
  { movieNewID: 88424,
    title: '《女超人》将引进反派比扎罗',
    image1: 'http://p2.pstatp.com/list/10842/8462303441',
    image2: '',
    image3: '',
    isTop: false,
    readCount: 883,
    publishtime: '2015-12-21 19:32:00',
    weMediaName: ' Mtime时光网',
    content: '',
    sourceURL: 'http://toutiao.com/item/6230711399841006082/',
    summary: '时光网讯CBS新剧《女超人》播出之后令观众小有惊喜，这部洋溢着青春热情的超级英雄剧即将于明年1月4日回归。在明年播出的新故事线索中，制作人安德鲁·克雷斯伯格在一个直播节目中向大家透露，镜像反派“比扎罗”（Bizarro）将引入剧集，具体演员人选未定。关于“比扎罗”，具体是什么难以界定，基本上可以是DC超级英雄世界的一个镜像，“比扎罗超人”“比扎罗女超人”都是角色邪恶的镜像一面。',
    logoURL: 'http://p1.pstatp.com/large/8692/5215991404',
    sourceType: 16 },
  { movieNewID: 88418,
    title: '《致我们终将到来的爱情》发先导预告',
    image1: 'http://p2.pstatp.com/list/10844/6081023035',
    image2: 'http://p2.pstatp.com/list/10845/6071986628',
    image3: 'http://p2.pstatp.com/list/10846/5991723804',
    isTop: false,
    readCount: 24,
    publishtime: '2015-12-21 19:29:00',
    weMediaName: ' Mtime时光网',
    content: '',
    sourceURL: 'http://toutiao.com/item/6230704705744404993/',
    summary: '《致我们终将到来的爱情》剧照时光网讯 今日，由郑来志执导的电影《致我们终将到来的爱情》发布了先导预告，聚焦大多数都市青年男女在感情路上都会遇到的不可避免的现实问题。预告片末尾，女主角用一句本该由男生做出的承诺给出了答案：“我养你！',
    logoURL: 'http://p1.pstatp.com/large/8692/5215991404',
    sourceType: 16 },
  { movieNewID: 88409,
    title: '"星球大战7"韩国遇强敌首周居亚',
    image1: 'http://p2.pstatp.com/list/10841/6366279138',
    image2: '',
    image3: '',
    isTop: false,
    readCount: 2668,
    publishtime: '2015-12-21 17:40:00',
    weMediaName: ' Mtime时光网',
    content: '',
    sourceURL: 'http://toutiao.com/item/6230676864763953666/',
    summary: '左起：《喜马拉雅》《星球大战7》《大虎》时光网讯在北美开画横扫各项记录、在全球上演爆炸式开局的《星球大战：原力觉醒》在韩国遭遇敌手，首个周末不敌黄政民主演的登山题材电影《喜马拉雅》仅排名第二。《喜马拉雅》上映五天累计观影人次突破150万，有望成为黄政民继《国际市场》《老手》之后的又一部”千万观众“电影。',
    logoURL: 'http://p1.pstatp.com/large/8692/5215991404',
    sourceType: 16 },
  { movieNewID: 88433,
    title: '《马歇尔》洛杉矶开机',
    image1: 'http://p2.pstatp.com/list/10840/7682316293',
    image2: '',
    image3: '',
    isTop: false,
    readCount: 11,
    publishtime: '2015-12-21 17:36:00',
    weMediaName: ' Mtime时光网',
    content: '',
    sourceURL: 'http://toutiao.com/item/6230679543879827969/',
    summary: '《马歇尔》片场照时光网讯 讲述黑人大法官的电影《马歇尔》于昨日在美国洛杉矶开机（北京时间12月20日）。有意思的是，这部美国主流影片由中方资本——中汇影视控股的超级英雄和星光源全额投资。《马歇尔》根据美国联邦最高法院第一位黑人律师瑟古德.马歇尔的真实故事改编。故事截取了1941年瑟古德.马歇尔和一名白人律师为一名被指控强奸白人的黑人司机辩护的故事。',
    logoURL: 'http://p1.pstatp.com/large/8692/5215991404',
    sourceType: 16 },
  { movieNewID: 88410,
    title: '《寻龙诀》IMAX票房破纪录',
    image1: 'http://p2.pstatp.com/list/10837/8328896877',
    image2: '',
    image3: '',
    isTop: false,
    readCount: 4353,
    publishtime: '2015-12-21 17:30:00',
    weMediaName: ' Mtime时光网',
    content: '',
    sourceURL: 'http://toutiao.com/item/6230670423206396417/',
    summary: '《寻龙诀》IMAX专属竖版海报IMAX中国控股公司今日宣布由乌尔善执导，陈国富监制的3D冒险巨制《鬼吹灯之寻龙诀》在中国约250家IMAX影院首周末即取得4853万人民币的票房，一举成为经由IMAX DMR（数字原底翻版）技术转制的国产大片首周末三日票房冠军。除此之外，《鬼吹灯之寻龙诀》还打破了IMAX国产片零点场、上映首日及单日IMAX票房纪录，成绩分别是IMAX零点场票房213.',
    logoURL: 'http://p1.pstatp.com/large/8692/5215991404',
    sourceType: 16 } ]
[2015-12-22 11:16:35.436] [INFO] console - [ { movieNewID: 88455,
    title: '《风骚律师》第二季曝剧照',
    image1: '',
    image2: '',
    image3: '',
    isTop: false,
    readCount: 44,
    publishtime: '2015-12-22 09:28:00',
    weMediaName: ' Mtime时光网',
    content: '',
    sourceURL: 'http://toutiao.com/item/6230925530804257281/',
    summary: '时光网讯《风骚律师》作为经典剧集《绝命毒师》的衍生剧，没有辜负广大剧迷的期望，风骚索尔为大家带来一系列略带黑色的精彩故事。剧集第一季已经完结，第二季将于明年2月10日回归。今日，《风骚律师》第二季曝光新剧照，索尔风骚搭配三元素现身，律师之路风生水起。在新发布的剧照中，索尔花领带与衬衫西装的搭配相得益彰，在第二季中还换了新的咖啡杯，明黄色骚气，上面还写了自己的宣传语。',
    logoURL: 'http://p1.pstatp.com/large/8692/5215991404',
    sourceType: 16 },
  { movieNewID: 88456,
    title: '看2016年各大卫视共同趋势',
    image1: 'http://p2.pstatp.com/list/10870/1415855907',
    image2: '',
    image3: '',
    isTop: false,
    readCount: 9,
    publishtime: '2015-12-22 09:24:00',
    weMediaName: ' Mtime时光网',
    content: '',
    sourceURL: 'http://toutiao.com/item/6230918951522533890/',
    summary: '“年轻化”，绝不是卫视们的新话题。上世纪90年代后期，湖南卫视《快乐大本营》的崛起，标志着“年轻化”电视版图的开启。这股旋风瞬时蔓延，直到今天。那么问题来了。在2016新年开篇之际，为何要重提“年轻化”这个老命题？而当我们再次谈论卫视“年轻化”时，我们在谈论什么？',
    logoURL: 'http://p1.pstatp.com/large/8692/5215991404',
    sourceType: 16 },
  { movieNewID: 88457,
    title: '《综艺》年度十佳电影揭晓',
    image1: '',
    image2: '',
    image3: '',
    isTop: false,
    readCount: 25,
    publishtime: '2015-12-22 09:16:00',
    weMediaName: ' Mtime时光网',
    content: '',
    sourceURL: 'http://toutiao.com/item/6230917496182931970/',
    summary: '时光网讯遗憾丧失奥斯卡最佳外语片提名的华语电影《刺客聂隐娘》近日入围了美国Variety网站的年度十佳电影，这部侯孝贤执导的武侠电影在名单中仅次于《卡萝尔》位列第二。这一榜单由来自美国、巴黎、伦敦、罗马和香港的14名影评人评选得出，其中有9位来自美国本土，2名来自伦敦。评选方式是 14 位影评人分别列出自己心目中的十佳影片。',
    logoURL: 'http://p1.pstatp.com/large/8692/5215991404',
    sourceType: 16 },
  { movieNewID: 88452,
    title: '"星战7"刷新全球首周末票房纪录',
    image1: '',
    image2: '',
    image3: '',
    isTop: false,
    readCount: 49,
    publishtime: '2015-12-22 08:07:00',
    weMediaName: ' Mtime时光网',
    content: '',
    sourceURL: 'http://toutiao.com/item/6230898216640971265/',
    summary: '时光网讯《星球大战：原力觉醒》自12月18日在北美正式开画以来，就一骑绝尘，连续刷新北美首周末票房、单日票房、午夜场票房等票房纪录。但是其中有一项纪录似乎未能被《星球大战7》打破，那就是由今年6月上映的《侏罗纪世界》保持的全球首周末票房。《星球大战7》的全球首周末票房粗算为5.17亿美元，落后于《侏罗纪世界》的5.24亿美元。',
    logoURL: 'http://p1.pstatp.com/large/8692/5215991404',
    sourceType: 16 },
  { movieNewID: 88423,
    title: '"三打白骨精"曝光新剧照',
    image1: '',
    image2: '',
    image3: '',
    isTop: false,
    readCount: 2146,
    publishtime: '2015-12-21 20:33:00',
    weMediaName: ' Mtime时光网',
    content: '',
    sourceURL: 'http://toutiao.com/item/6230724709093212674/',
    summary: '时光网讯由郑保瑞执导，郭富城、巩俐、冯绍峰、小沈阳、罗仲谦、费翔、陈慧琳等联袂主演的3D奇幻喜剧《西游记之孙悟空三打白骨精》将于2016年2月8日猴年初一全国公映。今日，影片发布多张新剧照。在《西游记》原著故事中，白骨精是师徒组合后面对的第一个真正的对手，孙悟空与唐僧的关系也因此再度陷入信任危机。',
    logoURL: 'http://p1.pstatp.com/large/8692/5215991404',
    sourceType: 16 },
  { movieNewID: 88424,
    title: '《女超人》将引进反派比扎罗',
    image1: 'http://p2.pstatp.com/list/10842/8462303441',
    image2: '',
    image3: '',
    isTop: false,
    readCount: 883,
    publishtime: '2015-12-21 19:32:00',
    weMediaName: ' Mtime时光网',
    content: '',
    sourceURL: 'http://toutiao.com/item/6230711399841006082/',
    summary: '时光网讯CBS新剧《女超人》播出之后令观众小有惊喜，这部洋溢着青春热情的超级英雄剧即将于明年1月4日回归。在明年播出的新故事线索中，制作人安德鲁·克雷斯伯格在一个直播节目中向大家透露，镜像反派“比扎罗”（Bizarro）将引入剧集，具体演员人选未定。关于“比扎罗”，具体是什么难以界定，基本上可以是DC超级英雄世界的一个镜像，“比扎罗超人”“比扎罗女超人”都是角色邪恶的镜像一面。',
    logoURL: 'http://p1.pstatp.com/large/8692/5215991404',
    sourceType: 16 },
  { movieNewID: 88418,
    title: '《致我们终将到来的爱情》发先导预告',
    image1: 'http://p2.pstatp.com/list/10844/6081023035',
    image2: 'http://p2.pstatp.com/list/10845/6071986628',
    image3: 'http://p2.pstatp.com/list/10846/5991723804',
    isTop: false,
    readCount: 24,
    publishtime: '2015-12-21 19:29:00',
    weMediaName: ' Mtime时光网',
    content: '',
    sourceURL: 'http://toutiao.com/item/6230704705744404993/',
    summary: '《致我们终将到来的爱情》剧照时光网讯 今日，由郑来志执导的电影《致我们终将到来的爱情》发布了先导预告，聚焦大多数都市青年男女在感情路上都会遇到的不可避免的现实问题。预告片末尾，女主角用一句本该由男生做出的承诺给出了答案：“我养你！',
    logoURL: 'http://p1.pstatp.com/large/8692/5215991404',
    sourceType: 16 },
  { movieNewID: 88409,
    title: '"星球大战7"韩国遇强敌首周居亚',
    image1: 'http://p2.pstatp.com/list/10841/6366279138',
    image2: '',
    image3: '',
    isTop: false,
    readCount: 2668,
    publishtime: '2015-12-21 17:40:00',
    weMediaName: ' Mtime时光网',
    content: '',
    sourceURL: 'http://toutiao.com/item/6230676864763953666/',
    summary: '左起：《喜马拉雅》《星球大战7》《大虎》时光网讯在北美开画横扫各项记录、在全球上演爆炸式开局的《星球大战：原力觉醒》在韩国遭遇敌手，首个周末不敌黄政民主演的登山题材电影《喜马拉雅》仅排名第二。《喜马拉雅》上映五天累计观影人次突破150万，有望成为黄政民继《国际市场》《老手》之后的又一部”千万观众“电影。',
    logoURL: 'http://p1.pstatp.com/large/8692/5215991404',
    sourceType: 16 },
  { movieNewID: 88433,
    title: '《马歇尔》洛杉矶开机',
    image1: 'http://p2.pstatp.com/list/10840/7682316293',
    image2: '',
    image3: '',
    isTop: false,
    readCount: 11,
    publishtime: '2015-12-21 17:36:00',
    weMediaName: ' Mtime时光网',
    content: '',
    sourceURL: 'http://toutiao.com/item/6230679543879827969/',
    summary: '《马歇尔》片场照时光网讯 讲述黑人大法官的电影《马歇尔》于昨日在美国洛杉矶开机（北京时间12月20日）。有意思的是，这部美国主流影片由中方资本——中汇影视控股的超级英雄和星光源全额投资。《马歇尔》根据美国联邦最高法院第一位黑人律师瑟古德.马歇尔的真实故事改编。故事截取了1941年瑟古德.马歇尔和一名白人律师为一名被指控强奸白人的黑人司机辩护的故事。',
    logoURL: 'http://p1.pstatp.com/large/8692/5215991404',
    sourceType: 16 },
  { movieNewID: 88410,
    title: '《寻龙诀》IMAX票房破纪录',
    image1: 'http://p2.pstatp.com/list/10837/8328896877',
    image2: '',
    image3: '',
    isTop: false,
    readCount: 4353,
    publishtime: '2015-12-21 17:30:00',
    weMediaName: ' Mtime时光网',
    content: '',
    sourceURL: 'http://toutiao.com/item/6230670423206396417/',
    summary: '《寻龙诀》IMAX专属竖版海报IMAX中国控股公司今日宣布由乌尔善执导，陈国富监制的3D冒险巨制《鬼吹灯之寻龙诀》在中国约250家IMAX影院首周末即取得4853万人民币的票房，一举成为经由IMAX DMR（数字原底翻版）技术转制的国产大片首周末三日票房冠军。除此之外，《鬼吹灯之寻龙诀》还打破了IMAX国产片零点场、上映首日及单日IMAX票房纪录，成绩分别是IMAX零点场票房213.',
    logoURL: 'http://p1.pstatp.com/large/8692/5215991404',
    sourceType: 16 } ]
[2015-12-22 22:06:10.273] [INFO] console - Listening on port 80
[2015-12-22 22:06:10.327] [ERROR] console - Error caught in uncaughtException event: { [Error: getaddrinfo ENOTFOUND localhost localhost:3091]
  code: 'ENOTFOUND',
  errno: 'ENOTFOUND',
  syscall: 'getaddrinfo',
  hostname: 'localhost',
  host: 'localhost',
  port: 3091 }
Error: getaddrinfo ENOTFOUND localhost localhost:3091
    at errnoException (dns.js:26:10)
    at GetAddrInfoReqWrap.onlookup [as oncomplete] (dns.js:77:26)
[2015-12-22 22:06:27.504] [INFO] console - Listening on port 80
[2015-12-22 22:06:27.509] [ERROR] console - Error caught in uncaughtException event: { [Error: getaddrinfo ENOTFOUND localhost localhost:3091]
  code: 'ENOTFOUND',
  errno: 'ENOTFOUND',
  syscall: 'getaddrinfo',
  hostname: 'localhost',
  host: 'localhost',
  port: 3091 }
Error: getaddrinfo ENOTFOUND localhost localhost:3091
    at errnoException (dns.js:26:10)
    at GetAddrInfoReqWrap.onlookup [as oncomplete] (dns.js:77:26)
[2015-12-22 22:09:27.587] [INFO] console - { sourceID: 1,
  sourceName: '电影票友',
  logoURL: 'http://p2.pstatp.com/large/3245/1852234910',
  summary: '只是因为喜欢电影 在电影的时光读懂自己',
  backImageURL: '',
  subscribeCount: 27371,
  AllReadCount: 25447092 }
